<?xml version="1.0" encoding="UTF-8" ?>
<testsuite tests="17" failures="0" name="com.mycompany.nomina.EmployeeTest" time="0.016" errors="0" skipped="0">
  <properties>
    <property name="java.runtime.name" value="OpenJDK Runtime Environment"/>
    <property name="java.vm.version" value="11.0.15+10"/>
    <property name="sun.boot.library.path" value="C:\Program Files\Eclipse Adoptium\jdk-11.0.15.10-hotspot\bin"/>
    <property name="maven.multiModuleProjectDirectory" value="C:\Users\University\Documents\Universidad\Sexto trimestre\Ingenieria de software I\TRABAJO FINAL\proyecto\Nomina"/>
    <property name="java.vm.vendor" value="Eclipse Adoptium"/>
    <property name="java.vendor.url" value="https://adoptium.net/"/>
    <property name="guice.disable.misplaced.annotation.check" value="true"/>
    <property name="path.separator" value=";"/>
    <property name="java.vm.name" value="OpenJDK 64-Bit Server VM"/>
    <property name="sun.os.patch.level" value=""/>
    <property name="user.script" value=""/>
    <property name="user.country" value="US"/>
    <property name="sun.java.launcher" value="SUN_STANDARD"/>
    <property name="java.vm.specification.name" value="Java Virtual Machine Specification"/>
    <property name="user.dir" value="C:\Users\University\Documents\Universidad\Sexto trimestre\Ingenieria de software I\TRABAJO FINAL\proyecto\Nomina"/>
    <property name="java.vm.compressedOopsMode" value="32-bit"/>
    <property name="java.runtime.version" value="11.0.15+10"/>
    <property name="java.awt.graphicsenv" value="sun.awt.Win32GraphicsEnvironment"/>
    <property name="os.arch" value="amd64"/>
    <property name="java.io.tmpdir" value="C:\Users\UNIVER~1\AppData\Local\Temp\"/>
    <property name="line.separator" value="
"/>
    <property name="java.vm.specification.vendor" value="Oracle Corporation"/>
    <property name="user.variant" value=""/>
    <property name="os.name" value="Windows 10"/>
    <property name="maven.ext.class.path" value="C:\Program Files\NetBeans-13\netbeans\java\maven-nblib\netbeans-eventspy.jar"/>
    <property name="classworlds.conf" value="C:\Program Files\NetBeans-13\netbeans\java\maven\bin\m2.conf"/>
    <property name="sun.jnu.encoding" value="Cp1252"/>
    <property name="java.library.path" value="C:\Program Files\Eclipse Adoptium\jdk-11.0.15.10-hotspot\bin;C:\Windows\Sun\Java\bin;C:\Windows\system32;C:\Windows;C:\Program Files\Eclipse Adoptium\jdk-11.0.15.10-hotspot\bin;C:\Program Files\Python310\Scripts\;C:\Program Files\Python310\;C:\Windows\system32;C:\Windows;C:\Windows\System32\Wbem;C:\Windows\System32\WindowsPowerShell\v1.0\;C:\Windows\System32\OpenSSH\;C:\Program Files\Git\cmd;C;C:\Program Files\NVIDIA Corporation\NVIDIA NvDLISR;C:\Program Files (x86)\NVIDIA Corporation\PhysX\Common;C:\Program Files\dotnet\;C:\Program Files\nodejs\;C:\Program Files\CMake\bin;C;C:\Users\University\AppData\Local\Programs\Python\Python39\Scripts\;C:\Users\University\AppData\Local\Programs\Python\Python39\;C:\Users\University\AppData\Local\Programs\Python\Launcher\;C:\Users\University\AppData\Local\Microsoft\WindowsApps;C:\Users\University\.dotnet\tools;."/>
    <property name="maven.conf" value="C:\Program Files\NetBeans-13\netbeans\java\maven/conf"/>
    <property name="jdk.debug" value="release"/>
    <property name="java.class.version" value="55.0"/>
    <property name="java.specification.name" value="Java Platform API Specification"/>
    <property name="sun.management.compiler" value="HotSpot 64-Bit Tiered Compilers"/>
    <property name="os.version" value="10.0"/>
    <property name="library.jansi.path" value="C:\Program Files\NetBeans-13\netbeans\java\maven\lib\jansi-native"/>
    <property name="user.home" value="C:\Users\University"/>
    <property name="user.timezone" value="America/Santiago"/>
    <property name="java.awt.printerjob" value="sun.awt.windows.WPrinterJob"/>
    <property name="file.encoding" value="UTF-8"/>
    <property name="java.specification.version" value="11"/>
    <property name="user.name" value="University"/>
    <property name="java.class.path" value="C:\Program Files\NetBeans-13\netbeans\java\maven\boot\plexus-classworlds-2.6.0.jar"/>
    <property name="java.vm.specification.version" value="11"/>
    <property name="sun.arch.data.model" value="64"/>
    <property name="sun.java.command" value="org.codehaus.plexus.classworlds.launcher.Launcher -Dmaven.ext.class.path=C:\Program Files\NetBeans-13\netbeans\java\maven-nblib\netbeans-eventspy.jar -Dfile.encoding=UTF-8 test"/>
    <property name="java.home" value="C:\Program Files\Eclipse Adoptium\jdk-11.0.15.10-hotspot"/>
    <property name="user.language" value="es"/>
    <property name="java.specification.vendor" value="Oracle Corporation"/>
    <property name="awt.toolkit" value="sun.awt.windows.WToolkit"/>
    <property name="java.vm.info" value="mixed mode"/>
    <property name="java.version" value="11.0.15"/>
    <property name="java.vendor" value="Eclipse Adoptium"/>
    <property name="maven.home" value="C:\Program Files\NetBeans-13\netbeans\java\maven"/>
    <property name="file.separator" value="\"/>
    <property name="java.version.date" value="2022-04-19"/>
    <property name="java.vendor.url.bug" value="https://github.com/adoptium/adoptium-support/issues"/>
    <property name="sun.io.unicode.encoding" value="UnicodeLittle"/>
    <property name="sun.cpu.endian" value="little"/>
    <property name="java.vendor.version" value="Temurin-11.0.15+10"/>
    <property name="sun.desktop" value="windows"/>
    <property name="sun.cpu.isalist" value="amd64"/>
  </properties>
  <testcase classname="com.mycompany.nomina.EmployeeTest" name="testGetID" time="0.016"/>
  <testcase classname="com.mycompany.nomina.EmployeeTest" name="testGetName" time="0"/>
  <testcase classname="com.mycompany.nomina.EmployeeTest" name="testGetMaritalStatus" time="0"/>
  <testcase classname="com.mycompany.nomina.EmployeeTest" name="testGetLastname" time="0"/>
  <testcase classname="com.mycompany.nomina.EmployeeTest" name="testCalcAfp" time="0"/>
  <testcase classname="com.mycompany.nomina.EmployeeTest" name="testCalcArs" time="0"/>
  <testcase classname="com.mycompany.nomina.EmployeeTest" name="testCalcIsr" time="0"/>
  <testcase classname="com.mycompany.nomina.EmployeeTest" name="testChangeCedula" time="0"/>
  <testcase classname="com.mycompany.nomina.EmployeeTest" name="testCalcSueldoNeto" time="0"/>
  <testcase classname="com.mycompany.nomina.EmployeeTest" name="testChangeSalary" time="0"/>
  <testcase classname="com.mycompany.nomina.EmployeeTest" name="testChangeStatus" time="0"/>
  <testcase classname="com.mycompany.nomina.EmployeeTest" name="testGetCedula" time="0"/>
  <testcase classname="com.mycompany.nomina.EmployeeTest" name="testChangeLastname" time="0"/>
  <testcase classname="com.mycompany.nomina.EmployeeTest" name="testChangeName" time="0"/>
  <testcase classname="com.mycompany.nomina.EmployeeTest" name="testGetSalary" time="0"/>
  <testcase classname="com.mycompany.nomina.EmployeeTest" name="testChangeMaritalStatus" time="0"/>
  <testcase classname="com.mycompany.nomina.EmployeeTest" name="testGetStatus" time="0"/>
</testsuite>